<?xml version="1.0" encoding="UTF-8"?>
<!-- Generated by org.testng.reporters.JUnitReportReporter -->
<testsuite skipped="1" hostname="DELL-PC" name="com.ranford.functionalities.TestExecution" tests="4" failures="0" timestamp="02 Sep 2018 09:54:04 GMT" time="27.156" errors="0">
  <testcase name="verify_launch" time="18.524" classname="com.ranford.functionalities.TestExecution"/>
  <testcase name="verify_login" time="6.824" classname="com.ranford.functionalities.TestExecution"/>
  <testcase name="createNewBranch" time="0.000" classname="com.ranford.functionalities.TestExecution">
    <skipped/>
  </testcase> <!-- createNewBranch -->
  <testcase name="verify_logout" time="1.808" classname="com.ranford.functionalities.TestExecution"/>
</testsuite> <!-- com.ranford.functionalities.TestExecution -->
